\BOOKMARK [1][-]{section.1}{\376\377\000I\000n\000t\000r\000o\000d\000u\000\347\000\343\000o}{}% 1
\BOOKMARK [2][-]{subsection.1.1}{\376\377\000C\000o\000n\000t\000e\000x\000t\000\040\000a\000n\000d\000\040\000O\000b\000j\000e\000c\000t\000i\000v\000e\000s}{section.1}% 2
\BOOKMARK [2][-]{subsection.1.2}{\376\377\000S\000y\000s\000t\000e\000m\000\040\000D\000e\000s\000c\000r\000i\000p\000t\000i\000o\000n}{section.1}% 3
\BOOKMARK [1][-]{section.2}{\376\377\000T\000h\000e\000o\000r\000e\000t\000i\000c\000a\000l\000\040\000A\000n\000a\000l\000y\000s\000i\000s\000\040\000a\000n\000d\000\040\000C\000o\000n\000t\000r\000o\000l\000\040\000D\000e\000s\000i\000g\000n}{}% 4
\BOOKMARK [2][-]{subsection.2.1}{\376\377\000S\000p\000a\000c\000e\000-\000S\000t\000a\000t\000e\000\040\000F\000o\000r\000m\000u\000l\000a\000t\000i\000o\000n}{section.2}% 5
\BOOKMARK [2][-]{subsection.2.2}{\376\377\000S\000t\000a\000t\000e\000-\000S\000p\000a\000c\000e\000\040\000A\000n\000a\000l\000y\000s\000i\000s}{section.2}% 6
\BOOKMARK [3][-]{subsubsection.2.2.1}{\376\377\000Q\0001\000\040\000-\000\040\000S\000y\000s\000t\000e\000m\000\040\000P\000o\000l\000e\000s}{subsection.2.2}% 7
\BOOKMARK [3][-]{subsubsection.2.2.2}{\376\377\000Q\0002\000\040\000-\000\040\000C\000o\000n\000t\000r\000o\000l\000l\000a\000b\000i\000l\000i\000t\000y}{subsection.2.2}% 8
\BOOKMARK [3][-]{subsubsection.2.2.3}{\376\377\000Q\0003\000\040\000-\000\040\000O\000b\000s\000e\000r\000v\000a\000b\000i\000l\000i\000t\000y}{subsection.2.2}% 9
\BOOKMARK [3][-]{subsubsection.2.2.4}{\376\377\000Q\0004\000\040\000-\000\040\000B\000o\000d\000e\000\040\000P\000l\000o\000t\000s}{subsection.2.2}% 10
\BOOKMARK [2][-]{subsection.2.3}{\376\377\000L\000Q\000R\000\040\000C\000o\000n\000t\000r\000o\000l\000l\000e\000r\000\040\000D\000e\000s\000i\000g\000n}{section.2}% 11
\BOOKMARK [2][-]{subsection.2.4}{\376\377\000S\000t\000a\000t\000e\000\040\000E\000s\000t\000i\000m\000a\000t\000o\000r\000\040\000D\000e\000s\000i\000g\000n\000\040\000-\000\040\000L\000Q\000E}{section.2}% 12
\BOOKMARK [2][-]{subsection.2.5}{\376\377\000B\000a\000s\000e\000l\000i\000n\000e\000\040\000L\000Q\000G\000\040\000S\000i\000m\000u\000l\000a\000t\000i\000o\000n}{section.2}% 13
\BOOKMARK [1][-]{section.3}{\376\377\000L\000a\000b\000o\000r\000a\000t\000o\000r\000y\000\040\000W\000o\000r\000k\000\040\000a\000n\000d\000\040\000E\000x\000p\000e\000r\000i\000m\000e\000n\000t\000a\000l\000\040\000R\000e\000s\000u\000l\000t\000s}{}% 14
\BOOKMARK [2][-]{subsection.3.1}{\376\377\000I\000n\000i\000t\000i\000a\000l\000\040\000H\000a\000r\000d\000w\000a\000r\000e\000\040\000T\000e\000s\000t\000i\000n\000g}{section.3}% 15
\BOOKMARK [3][-]{subsubsection.3.1.1}{\376\377\000L\000Q\000E\000\040\000V\000a\000l\000i\000d\000a\000t\000i\000o\000n}{subsection.3.1}% 16
\BOOKMARK [3][-]{subsubsection.3.1.2}{\376\377\000L\000Q\000G\000\040\000T\000e\000s\000t\000i\000n\000g}{subsection.3.1}% 17
\BOOKMARK [3][-]{subsubsection.3.1.3}{\376\377\000A\000n\000a\000l\000y\000s\000i\000s\000\040\000a\000n\000d\000\040\000P\000r\000o\000b\000l\000e\000m\000s}{subsection.3.1}% 18
\BOOKMARK [2][-]{subsection.3.2}{\376\377\000L\000Q\000G\000\040\000I\000n\000t\000e\000g\000r\000a\000t\000o\000r}{section.3}% 19
\BOOKMARK [2][-]{subsection.3.3}{\376\377\000L\000Q\000G\000\040\000I\000n\000t\000e\000g\000r\000a\000t\000o\000r\000\040\000+\000\040\000D\000e\000a\000d\000z\000o\000n\000e\000\040\000C\000o\000m\000p\000e\000n\000s\000a\000t\000o\000r}{section.3}% 20
\BOOKMARK [1][-]{section.4}{\376\377\000C\000o\000n\000c\000l\000u\000s\000i\000o\000n}{}% 21
\BOOKMARK [1][-]{section.5}{\376\377\000A\000n\000e\000x\000o\000s}{}% 22
